# JRE version: Java(TM) SE Runtime Environment (21.0.3+7) (build 21.0.3+7-LTS-152)
# Java VM: Java HotSpot(TM) 64-Bit Server VM (21.0.3+7-LTS-152, mixed mode, emulated-client, sharing, tiered, compressed oops, compressed class ptrs, g1 gc, windows-amd64)
GC Precious Log:
 CardTable entry size: 512
 Card Set container configuration: InlinePtr #cards 5 size 8 Array Of Cards #cards 12 size 40 Howl #buckets 4 coarsen threshold 1843 Howl Bitmap #cards 512 size 80 coarsen threshold 460 Card regions per heap region 1 cards per card region 2048
 CPUs: 8 total, 8 available
 Memory: 6021M
 Large Page Support: Disabled
 NUMA Support: Disabled
 Compressed Oops: Enabled (32-bit)
 Heap Region Size: 1M
 Heap Min Capacity: 8M
 Heap Initial Capacity: 96M
 Heap Max Capacity: 1506M
 Pre-touch: Disabled
 Parallel Workers: 8
 Concurrent Workers: 2
 Concurrent Refinement Workers: 8
 Periodic GC: Disabled
Heap:
 garbage-first heap   total 61440K, used 25508K [0x00000000a1e00000, 0x0000000100000000)
  region size 1024K, 7 young (7168K), 4 survivors (4096K)
 Metaspace       used 47982K, committed 48512K, reserved 1114112K
  class space    used 6539K, committed 6784K, reserved 1048576K
GC Heap History (18 events):
Event: 1.279 GC heap before
{Heap before GC invocations=0 (full 0):
 garbage-first heap   total 98304K, used 23552K [0x00000000a1e00000, 0x0000000100000000)
  region size 1024K, 23 young (23552K), 0 survivors (0K)
 Metaspace       used 7604K, committed 7872K, reserved 1114112K
  class space    used 924K, committed 1024K, reserved 1048576K
}
Event: 1.294 GC heap after
{Heap after GC invocations=1 (full 0):
 garbage-first heap   total 98304K, used 8192K [0x00000000a1e00000, 0x0000000100000000)
  region size 1024K, 3 young (3072K), 3 survivors (3072K)
 Metaspace       used 7604K, committed 7872K, reserved 1114112K
  class space    used 924K, committed 1024K, reserved 1048576K
}
Event: 2.129 GC heap before
{Heap before GC invocations=1 (full 0):
 garbage-first heap   total 98304K, used 33792K [0x00000000a1e00000, 0x0000000100000000)
  region size 1024K, 29 young (29696K), 3 survivors (3072K)
 Metaspace       used 14155K, committed 14528K, reserved 1114112K
  class space    used 1835K, committed 1984K, reserved 1048576K
}
Event: 2.135 GC heap after
{Heap after GC invocations=2 (full 0):
 garbage-first heap   total 98304K, used 9932K [0x00000000a1e00000, 0x0000000100000000)
  region size 1024K, 2 young (2048K), 2 survivors (2048K)
 Metaspace       used 14155K, committed 14528K, reserved 1114112K
  class space    used 1835K, committed 1984K, reserved 1048576K
}
Event: 2.842 GC heap before
{Heap before GC invocations=2 (full 0):
 garbage-first heap   total 98304K, used 42700K [0x00000000a1e00000, 0x0000000100000000)
  region size 1024K, 36 young (36864K), 2 survivors (2048K)
 Metaspace       used 20373K, committed 20672K, reserved 1114112K
  class space    used 2682K, committed 2816K, reserved 1048576K
}
Event: 2.853 GC heap after
{Heap after GC invocations=3 (full 0):
 garbage-first heap   total 98304K, used 13727K [0x00000000a1e00000, 0x0000000100000000)
  region size 1024K, 6 young (6144K), 6 survivors (6144K)
 Metaspace       used 20373K, committed 20672K, reserved 1114112K
  class space    used 2682K, committed 2816K, reserved 1048576K
}
Event: 3.504 GC heap before
{Heap before GC invocations=4 (full 0):
 garbage-first heap   total 51200K, used 38303K [0x00000000a1e00000, 0x0000000100000000)
  region size 1024K, 30 young (30720K), 6 survivors (6144K)
 Metaspace       used 22550K, committed 22912K, reserved 1114112K
  class space    used 2978K, committed 3136K, reserved 1048576K
}
Event: 3.518 GC heap after
{Heap after GC invocations=5 (full 0):
 garbage-first heap   total 51200K, used 14996K [0x00000000a1e00000, 0x0000000100000000)
  region size 1024K, 2 young (2048K), 2 survivors (2048K)
 Metaspace       used 22550K, committed 22912K, reserved 1114112K
  class space    used 2978K, committed 3136K, reserved 1048576K
}
Event: 4.212 GC heap before
{Heap before GC invocations=5 (full 0):
 garbage-first heap   total 51200K, used 38548K [0x00000000a1e00000, 0x0000000100000000)
  region size 1024K, 25 young (25600K), 2 survivors (2048K)
 Metaspace       used 25908K, committed 26368K, reserved 1114112K
  class space    used 3500K, committed 3712K, reserved 1048576K
}
Event: 4.221 GC heap after
{Heap after GC invocations=6 (full 0):
 garbage-first heap   total 51200K, used 17408K [0x00000000a1e00000, 0x0000000100000000)
  region size 1024K, 4 young (4096K), 4 survivors (4096K)
 Metaspace       used 25908K, committed 26368K, reserved 1114112K
  class space    used 3500K, committed 3712K, reserved 1048576K
}
Event: 5.406 GC heap before
{Heap before GC invocations=6 (full 0):
 garbage-first heap   total 51200K, used 40960K [0x00000000a1e00000, 0x0000000100000000)
  region size 1024K, 27 young (27648K), 4 survivors (4096K)
 Metaspace       used 29920K, committed 30464K, reserved 1114112K
  class space    used 4068K, committed 4288K, reserved 1048576K
}
Event: 5.415 GC heap after
{Heap after GC invocations=7 (full 0):
 garbage-first heap   total 61440K, used 19804K [0x00000000a1e00000, 0x0000000100000000)
  region size 1024K, 3 young (3072K), 3 survivors (3072K)
 Metaspace       used 29920K, committed 30464K, reserved 1114112K
  class space    used 4068K, committed 4288K, reserved 1048576K
}
Event: 7.034 GC heap before
{Heap before GC invocations=7 (full 0):
 garbage-first heap   total 61440K, used 39260K [0x00000000a1e00000, 0x0000000100000000)
  region size 1024K, 24 young (24576K), 3 survivors (3072K)
 Metaspace       used 33917K, committed 34496K, reserved 1114112K
  class space    used 4657K, committed 4928K, reserved 1048576K
}
Event: 7.038 GC heap after
{Heap after GC invocations=8 (full 0):
 garbage-first heap   total 61440K, used 20836K [0x00000000a1e00000, 0x0000000100000000)
  region size 1024K, 2 young (2048K), 2 survivors (2048K)
 Metaspace       used 33917K, committed 34496K, reserved 1114112K
  class space    used 4657K, committed 4928K, reserved 1048576K
}
Event: 8.164 GC heap before
{Heap before GC invocations=9 (full 0):
 garbage-first heap   total 61440K, used 50532K [0x00000000a1e00000, 0x0000000100000000)
  region size 1024K, 31 young (31744K), 2 survivors (2048K)
 Metaspace       used 41084K, committed 41728K, reserved 1114112K
  class space    used 5669K, committed 5952K, reserved 1048576K
}
Event: 8.167 GC heap after
{Heap after GC invocations=10 (full 0):
 garbage-first heap   total 61440K, used 22813K [0x00000000a1e00000, 0x0000000100000000)
  region size 1024K, 4 young (4096K), 4 survivors (4096K)
 Metaspace       used 41084K, committed 41728K, reserved 1114112K
  class space    used 5669K, committed 5952K, reserved 1048576K
}
Event: 9.316 GC heap before
{Heap before GC invocations=10 (full 0):
 garbage-first heap   total 61440K, used 51485K [0x00000000a1e00000, 0x0000000100000000)
  region size 1024K, 32 young (32768K), 4 survivors (4096K)
 Metaspace       used 46995K, committed 47552K, reserved 1114112K
  class space    used 6469K, committed 6720K, reserved 1048576K
}
Event: 9.323 GC heap after
{Heap after GC invocations=11 (full 0):
 garbage-first heap   total 61440K, used 24484K [0x00000000a1e00000, 0x0000000100000000)
  region size 1024K, 4 young (4096K), 4 survivors (4096K)
 Metaspace       used 46995K, committed 47552K, reserved 1114112K
  class space    used 6469K, committed 6720K, reserved 1048576K
}

